Using pre-set license
Built from '2020.2/release' branch; Version is '2020.2.2f1 (068178b99f32) revision 426360'; Using compiler version '192528614'; Build Type 'Release'
OS: 'Windows 10 Home; OS build 19044.1586; Version 2009; 64bit' Language: 'en' Physical Memory: 16302 MB
BatchMode: 1, IsHumanControllingUs: 0, StartBugReporterOnCrash: 0, Is64bit: 1, IsPro: 0

 COMMAND LINE ARGUMENTS:
C:\Program Files\Unity\Hub\Editor\2020.2.2f1\Editor\Unity.exe
-adb2
-batchMode
-noUpm
-name
AssetImportWorker0
-projectPath
C:/Users/icek0/Documents/GitHub/CashAndGo
-logFile
Logs/AssetImportWorker0.log
-srvPort
55393
Successfully changed project path to: C:/Users/icek0/Documents/GitHub/CashAndGo
C:/Users/icek0/Documents/GitHub/CashAndGo
Using Asset Import Pipeline V2.
Refreshing native plugins compatible for Editor in 21.07 ms, found 0 plugins.
Preloading 0 native plugins for Editor in 0.00 ms.
Initialize engine version: 2020.2.2f1 (068178b99f32)
[Subsystems] Discovering subsystems at path C:/Program Files/Unity/Hub/Editor/2020.2.2f1/Editor/Data/Resources/UnitySubsystems
[Subsystems] Discovering subsystems at path C:/Users/icek0/Documents/GitHub/CashAndGo/Assets
GfxDevice: creating device client; threaded=0
Direct3D:
    Version:  Direct3D 11.0 [level 11.1]
    Renderer: NVIDIA GeForce RTX 3070 (ID=0x2484)
    Vendor:   
    VRAM:     8043 MB
    Driver:   30.0.15.1165
Initialize mono
Mono path[0] = 'C:/Program Files/Unity/Hub/Editor/2020.2.2f1/Editor/Data/Managed'
Mono path[1] = 'C:/Program Files/Unity/Hub/Editor/2020.2.2f1/Editor/Data/MonoBleedingEdge/lib/mono/unityjit'
Mono config path = 'C:/Program Files/Unity/Hub/Editor/2020.2.2f1/Editor/Data/MonoBleedingEdge/etc'
Using monoOptions --debugger-agent=transport=dt_socket,embedding=1,server=y,suspend=n,address=127.0.0.1:56380
Begin MonoManager ReloadAssembly
Registering precompiled unity dll's ...
Register platform support module: C:/Program Files/Unity/Hub/Editor/2020.2.2f1/Editor/Data/PlaybackEngines/WindowsStandaloneSupport/UnityEditor.WindowsStandalone.Extensions.dll
Registered in 0.001485 seconds.
Native extension for WindowsStandalone target not found
Refreshing native plugins compatible for Editor in 19.24 ms, found 0 plugins.
Preloading 0 native plugins for Editor in 0.00 ms.
Invoked RoslynAnalysisRunner static constructor.
RoslynAnalysisRunner will not be running.
RoslynAnalysisRunner has terminated.
Mono: successfully reloaded assembly
- Completed reload, in  1.372 seconds
Platform modules already initialized, skipping
Registering precompiled user dll's ...
Registered in 0.000516 seconds.
Begin MonoManager ReloadAssembly
Native extension for WindowsStandalone target not found
Refreshing native plugins compatible for Editor in 0.19 ms, found 0 plugins.
Preloading 0 native plugins for Editor in 0.00 ms.
Invoked RoslynAnalysisRunner static constructor.
RoslynAnalysisRunner will not be running.
RoslynAnalysisRunner has terminated.
Mono: successfully reloaded assembly
- Completed reload, in  0.644 seconds
Platform modules already initialized, skipping
========================================================================
Worker process is ready to serve import requests
Launched and connected shader compiler UnityShaderCompiler.exe after 0.03 seconds
Refreshing native plugins compatible for Editor in 0.20 ms, found 0 plugins.
Preloading 0 native plugins for Editor in 0.00 ms.
Unloading 1165 Unused Serialized files (Serialized files now loaded: 0)
System memory in use before: 145.5 MB.
System memory in use after: 145.6 MB.

Unloading 10 unused Assets to reduce memory usage. Loaded Objects now: 1630.
Total: 1.894500 ms (FindLiveObjects: 0.153600 ms CreateObjectMapping: 0.063500 ms MarkObjects: 1.547300 ms  DeleteObjects: 0.129200 ms)

========================================================================
Received Import Request.
  path: Assets/Scripts/WheelsToPhysics.cs
  artifactKey: Guid(9871cafb9eb30194d8f169f6e5637e74) Importer(815301076,1909f56bfc062723c751e8b465ee728b)
Start importing Assets/Scripts/WheelsToPhysics.cs using Guid(9871cafb9eb30194d8f169f6e5637e74) Importer(815301076,1909f56bfc062723c751e8b465ee728b)  -> (artifact id: '58180c3449262bbc83f36e2418c0dff7') in 0.090438 seconds
  Import took 0.092102 seconds .

========================================================================
Received Prepare
Refreshing native plugins compatible for Editor in 0.59 ms, found 0 plugins.
Preloading 0 native plugins for Editor in 0.00 ms.
Unloading 3 Unused Serialized files (Serialized files now loaded: 0)
System memory in use before: 122.6 MB.
System memory in use after: 122.7 MB.

Unloading 3 unused Assets to reduce memory usage. Loaded Objects now: 1630.
Total: 1.377000 ms (FindLiveObjects: 0.157000 ms CreateObjectMapping: 0.037600 ms MarkObjects: 1.098100 ms  DeleteObjects: 0.083600 ms)

========================================================================
Received Prepare
Registering precompiled user dll's ...
Registered in 0.000550 seconds.
Begin MonoManager ReloadAssembly
Native extension for WindowsStandalone target not found
Refreshing native plugins compatible for Editor in 0.19 ms, found 0 plugins.
Preloading 0 native plugins for Editor in 0.00 ms.
Invoked RoslynAnalysisRunner static constructor.
RoslynAnalysisRunner will not be running.
RoslynAnalysisRunner has terminated.
Mono: successfully reloaded assembly
- Completed reload, in  0.585 seconds
Platform modules already initialized, skipping
Refreshing native plugins compatible for Editor in 0.19 ms, found 0 plugins.
Preloading 0 native plugins for Editor in 0.00 ms.
Unloading 1147 Unused Serialized files (Serialized files now loaded: 0)
System memory in use before: 145.4 MB.
System memory in use after: 145.5 MB.

Unloading 5 unused Assets to reduce memory usage. Loaded Objects now: 1632.
Total: 1.270900 ms (FindLiveObjects: 0.111500 ms CreateObjectMapping: 0.030700 ms MarkObjects: 1.049300 ms  DeleteObjects: 0.078600 ms)

========================================================================
Received Import Request.
  Time since last request: 150.962562 seconds.
  path: Assets/Scripts/CarControl.cs
  artifactKey: Guid(d6f278b118f1baa42996f69b7ff388f9) Importer(815301076,1909f56bfc062723c751e8b465ee728b)
Start importing Assets/Scripts/CarControl.cs using Guid(d6f278b118f1baa42996f69b7ff388f9) Importer(815301076,1909f56bfc062723c751e8b465ee728b)  -> (artifact id: '840bf63a4da311bd71e18b2928c29a37') in 0.006669 seconds
  Import took 0.009564 seconds .

AssetImportWorkerClient::OnTransportError - code=2 error=End of file
